<?xml version="1.0" encoding="UTF-8"?>
<testng-results skipped="0" failed="0" total="1" passed="1">
  <reporter-output>
  </reporter-output>
  <suite name="test.NewTest" duration-ms="10912" started-at="2018-08-31T09:32:18Z" finished-at="2018-08-31T09:32:29Z">
    <groups>
    </groups>
    <test name="Command line test" duration-ms="10912" started-at="2018-08-31T09:32:18Z" finished-at="2018-08-31T09:32:29Z">
      <class name="test.NewTest">
        <test-method status="PASS" signature="beforeClass()[pri:0, instance:test.NewTest@6b143ee9]" name="beforeClass" is-config="true" duration-ms="1458" started-at="2018-08-31T15:02:18Z" finished-at="2018-08-31T15:02:19Z">
          <reporter-output>
          </reporter-output>
        </test-method> <!-- beforeClass -->
        <test-method status="PASS" signature="openMyBlog()[pri:0, instance:test.NewTest@6b143ee9]" name="openMyBlog" duration-ms="9366" started-at="2018-08-31T15:02:19Z" finished-at="2018-08-31T15:02:29Z">
          <reporter-output>
          </reporter-output>
        </test-method> <!-- openMyBlog -->
        <test-method status="PASS" signature="afterClass()[pri:0, instance:test.NewTest@6b143ee9]" name="afterClass" is-config="true" duration-ms="79" started-at="2018-08-31T15:02:29Z" finished-at="2018-08-31T15:02:29Z">
          <reporter-output>
          </reporter-output>
        </test-method> <!-- afterClass -->
      </class> <!-- test.NewTest -->
    </test> <!-- Command line test -->
  </suite> <!-- test.NewTest -->
</testng-results>
